Server startet ad opc.tcp://192.168.48.113:4840
(27, 384, datetime.datetime(2018, 6, 26, 16, 14, 27, 731686))
(19, 491, datetime.datetime(2018, 6, 26, 16, 14, 29, 734861))
(16, 887, datetime.datetime(2018, 6, 26, 16, 14, 32, 212121))
(21, 667, datetime.datetime(2018, 6, 26, 16, 14, 34, 216617))
(49, 390, datetime.datetime(2018, 6, 26, 16, 14, 36, 221101))
(11, 556, datetime.datetime(2018, 6, 26, 16, 14, 38, 225647))
(13, 489, datetime.datetime(2018, 6, 26, 16, 14, 40, 230111))
(39, 286, datetime.datetime(2018, 6, 26, 16, 14, 42, 234652))
(25, 355, datetime.datetime(2018, 6, 26, 16, 14, 44, 239117))
(42, 857, datetime.datetime(2018, 6, 26, 16, 14, 46, 243583))
(20, 814, datetime.datetime(2018, 6, 26, 16, 14, 48, 248052))
(31, 989, datetime.datetime(2018, 6, 26, 16, 14, 50, 252487))
(26, 562, datetime.datetime(2018, 6, 26, 16, 14, 52, 256968))
(36, 328, datetime.datetime(2018, 6, 26, 16, 14, 54, 261435))
(49, 731, datetime.datetime(2018, 6, 26, 16, 14, 56, 265927))
(50, 410, datetime.datetime(2018, 6, 26, 16, 14, 58, 270373))
(46, 992, datetime.datetime(2018, 6, 26, 16, 15, 0, 274893))
(33, 700, datetime.datetime(2018, 6, 26, 16, 15, 2, 279293))
(16, 360, datetime.datetime(2018, 6, 26, 16, 15, 4, 282594))
(28, 611, datetime.datetime(2018, 6, 26, 16, 15, 6, 287083))
(48, 948, datetime.datetime(2018, 6, 26, 16, 15, 8, 291568))
(46, 520, datetime.datetime(2018, 6, 26, 16, 15, 10, 296075))
(46, 509, datetime.datetime(2018, 6, 26, 16, 15, 12, 300549))
(22, 248, datetime.datetime(2018, 6, 26, 16, 15, 14, 305096))
(47, 328, datetime.datetime(2018, 6, 26, 16, 15, 16, 309568))
(49, 688, datetime.datetime(2018, 6, 26, 16, 15, 18, 314054))
(20, 298, datetime.datetime(2018, 6, 26, 16, 15, 20, 318507))
(16, 674, datetime.datetime(2018, 6, 26, 16, 15, 22, 322971))
(18, 612, datetime.datetime(2018, 6, 26, 16, 15, 24, 327453))
(14, 287, datetime.datetime(2018, 6, 26, 16, 15, 26, 331949))
(15, 551, datetime.datetime(2018, 6, 26, 16, 15, 28, 336487))
(22, 589, datetime.datetime(2018, 6, 26, 16, 15, 30, 340947))
(28, 895, datetime.datetime(2018, 6, 26, 16, 15, 32, 345487))
(27, 340, datetime.datetime(2018, 6, 26, 16, 15, 34, 349956))
(48, 617, datetime.datetime(2018, 6, 26, 16, 15, 36, 354497))
(25, 861, datetime.datetime(2018, 6, 26, 16, 15, 38, 358972))
(38, 563, datetime.datetime(2018, 6, 26, 16, 15, 40, 363418))
(43, 593, datetime.datetime(2018, 6, 26, 16, 15, 42, 367874))
(24, 828, datetime.datetime(2018, 6, 26, 16, 15, 44, 372276))
(39, 508, datetime.datetime(2018, 6, 26, 16, 15, 46, 375590))
(28, 562, datetime.datetime(2018, 6, 26, 16, 15, 48, 380083))
(12, 820, datetime.datetime(2018, 6, 26, 16, 15, 50, 384621))
(24, 903, datetime.datetime(2018, 6, 26, 16, 15, 52, 389114))
(37, 458, datetime.datetime(2018, 6, 26, 16, 15, 54, 393608))
(13, 397, datetime.datetime(2018, 6, 26, 16, 15, 56, 398109))
(43, 438, datetime.datetime(2018, 6, 26, 16, 15, 58, 402596))
(15, 207, datetime.datetime(2018, 6, 26, 16, 16, 0, 407062))
(18, 767, datetime.datetime(2018, 6, 26, 16, 16, 2, 411463))
(38, 863, datetime.datetime(2018, 6, 26, 16, 16, 4, 414807))
(37, 384, datetime.datetime(2018, 6, 26, 16, 16, 6, 419296))
(26, 216, datetime.datetime(2018, 6, 26, 16, 16, 8, 423793))
(44, 388, datetime.datetime(2018, 6, 26, 16, 16, 10, 428248))
(15, 434, datetime.datetime(2018, 6, 26, 16, 16, 12, 432722))
(43, 766, datetime.datetime(2018, 6, 26, 16, 16, 14, 437197))
(17, 933, datetime.datetime(2018, 6, 26, 16, 16, 16, 441651))
(45, 842, datetime.datetime(2018, 6, 26, 16, 16, 18, 446169))
(19, 756, datetime.datetime(2018, 6, 26, 16, 16, 20, 450850))
(42, 588, datetime.datetime(2018, 6, 26, 16, 16, 22, 455605))
(31, 990, datetime.datetime(2018, 6, 26, 16, 16, 24, 460557))
(28, 804, datetime.datetime(2018, 6, 26, 16, 16, 26, 465165))
(34, 793, datetime.datetime(2018, 6, 26, 16, 16, 28, 469618))
(21, 406, datetime.datetime(2018, 6, 26, 16, 16, 30, 474023))
(12, 506, datetime.datetime(2018, 6, 26, 16, 16, 32, 478436))
(46, 732, datetime.datetime(2018, 6, 26, 16, 16, 34, 482852))
(14, 700, datetime.datetime(2018, 6, 26, 16, 16, 36, 487297))
(49, 460, datetime.datetime(2018, 6, 26, 16, 16, 38, 491759))
(44, 717, datetime.datetime(2018, 6, 26, 16, 16, 40, 496644))
(29, 681, datetime.datetime(2018, 6, 26, 16, 16, 42, 501124))
(30, 684, datetime.datetime(2018, 6, 26, 16, 16, 44, 505677))
(44, 336, datetime.datetime(2018, 6, 26, 16, 16, 46, 510164))
(15, 418, datetime.datetime(2018, 6, 26, 16, 16, 48, 514737))
(42, 942, datetime.datetime(2018, 6, 26, 16, 16, 50, 519223))
(44, 359, datetime.datetime(2018, 6, 26, 16, 16, 52, 523708))
(21, 679, datetime.datetime(2018, 6, 26, 16, 16, 54, 528180))
(26, 365, datetime.datetime(2018, 6, 26, 16, 16, 56, 532665))
(44, 907, datetime.datetime(2018, 6, 26, 16, 16, 58, 535973))
(44, 247, datetime.datetime(2018, 6, 26, 16, 17, 0, 540444))
(42, 309, datetime.datetime(2018, 6, 26, 16, 17, 2, 544930))
(33, 863, datetime.datetime(2018, 6, 26, 16, 17, 4, 548274))
(12, 461, datetime.datetime(2018, 6, 26, 16, 17, 6, 552320))
(40, 916, datetime.datetime(2018, 6, 26, 16, 17, 8, 556838))
(39, 554, datetime.datetime(2018, 6, 26, 16, 17, 10, 561351))
(45, 674, datetime.datetime(2018, 6, 26, 16, 17, 12, 565907))
(15, 998, datetime.datetime(2018, 6, 26, 16, 17, 14, 570352))
(38, 798, datetime.datetime(2018, 6, 26, 16, 17, 16, 574846))
(10, 383, datetime.datetime(2018, 6, 26, 16, 17, 18, 579343))
(22, 853, datetime.datetime(2018, 6, 26, 16, 17, 20, 583780))
(36, 228, datetime.datetime(2018, 6, 26, 16, 17, 22, 588223))
(23, 536, datetime.datetime(2018, 6, 26, 16, 17, 24, 592661))
(23, 314, datetime.datetime(2018, 6, 26, 16, 17, 26, 597083))
(40, 465, datetime.datetime(2018, 6, 26, 16, 17, 28, 601481))
(19, 478, datetime.datetime(2018, 6, 26, 16, 17, 30, 606001))
(44, 775, datetime.datetime(2018, 6, 26, 16, 17, 32, 610426))
(47, 824, datetime.datetime(2018, 6, 26, 16, 17, 34, 614973))
(50, 337, datetime.datetime(2018, 6, 26, 16, 17, 36, 619482))
(46, 846, datetime.datetime(2018, 6, 26, 16, 17, 38, 623950))
(37, 368, datetime.datetime(2018, 6, 26, 16, 17, 40, 628381))
(32, 555, datetime.datetime(2018, 6, 26, 16, 17, 42, 632802))
(19, 409, datetime.datetime(2018, 6, 26, 16, 17, 44, 637257))
(28, 500, datetime.datetime(2018, 6, 26, 16, 17, 46, 641725))
(30, 448, datetime.datetime(2018, 6, 26, 16, 17, 48, 646274))
(13, 790, datetime.datetime(2018, 6, 26, 16, 17, 50, 650729))
(15, 973, datetime.datetime(2018, 6, 26, 16, 17, 52, 655210))
(33, 574, datetime.datetime(2018, 6, 26, 16, 17, 54, 659655))
(10, 700, datetime.datetime(2018, 6, 26, 16, 17, 56, 664138))
(24, 264, datetime.datetime(2018, 6, 26, 16, 17, 58, 668610))
(34, 984, datetime.datetime(2018, 6, 26, 16, 18, 0, 673085))
(28, 324, datetime.datetime(2018, 6, 26, 16, 18, 2, 677490))
(10, 889, datetime.datetime(2018, 6, 26, 16, 18, 4, 680789))
(32, 219, datetime.datetime(2018, 6, 26, 16, 18, 6, 685303))
(46, 732, datetime.datetime(2018, 6, 26, 16, 18, 8, 689772))
(28, 389, datetime.datetime(2018, 6, 26, 16, 18, 10, 694306))
(11, 337, datetime.datetime(2018, 6, 26, 16, 18, 12, 698765))
(31, 477, datetime.datetime(2018, 6, 26, 16, 18, 14, 703248))
(25, 704, datetime.datetime(2018, 6, 26, 16, 18, 16, 707724))
(50, 415, datetime.datetime(2018, 6, 26, 16, 18, 18, 712220))
(15, 376, datetime.datetime(2018, 6, 26, 16, 18, 20, 716688))
(22, 473, datetime.datetime(2018, 6, 26, 16, 18, 22, 721159))
(21, 729, datetime.datetime(2018, 6, 26, 16, 18, 24, 725675))
(35, 799, datetime.datetime(2018, 6, 26, 16, 18, 26, 730138))
(36, 841, datetime.datetime(2018, 6, 26, 16, 18, 28, 734664))
(14, 256, datetime.datetime(2018, 6, 26, 16, 18, 30, 739126))
(12, 546, datetime.datetime(2018, 6, 26, 16, 18, 32, 743590))
(31, 543, datetime.datetime(2018, 6, 26, 16, 18, 34, 747992))
(10, 371, datetime.datetime(2018, 6, 26, 16, 18, 36, 751261))
(34, 428, datetime.datetime(2018, 6, 26, 16, 18, 38, 755787))
(42, 342, datetime.datetime(2018, 6, 26, 16, 18, 40, 760256))
(33, 343, datetime.datetime(2018, 6, 26, 16, 18, 42, 764818))
(17, 417, datetime.datetime(2018, 6, 26, 16, 18, 44, 769292))
(31, 851, datetime.datetime(2018, 6, 26, 16, 18, 46, 773781))
(20, 372, datetime.datetime(2018, 6, 26, 16, 18, 48, 778228))
(27, 547, datetime.datetime(2018, 6, 26, 16, 18, 50, 782707))
(38, 202, datetime.datetime(2018, 6, 26, 16, 18, 52, 787321))
(28, 638, datetime.datetime(2018, 6, 26, 16, 18, 54, 791787))
(22, 580, datetime.datetime(2018, 6, 26, 16, 18, 56, 796301))
(23, 462, datetime.datetime(2018, 6, 26, 16, 18, 58, 800761))
(33, 860, datetime.datetime(2018, 6, 26, 16, 19, 0, 805304))
(10, 789, datetime.datetime(2018, 6, 26, 16, 19, 2, 809758))
(20, 722, datetime.datetime(2018, 6, 26, 16, 19, 4, 814228))
(32, 239, datetime.datetime(2018, 6, 26, 16, 19, 6, 818677))
(26, 630, datetime.datetime(2018, 6, 26, 16, 19, 8, 823120))
(12, 986, datetime.datetime(2018, 6, 26, 16, 19, 10, 827584))
(20, 287, datetime.datetime(2018, 6, 26, 16, 19, 12, 832008))
(40, 591, datetime.datetime(2018, 6, 26, 16, 19, 14, 836426))
(13, 403, datetime.datetime(2018, 6, 26, 16, 19, 16, 840836))
(20, 854, datetime.datetime(2018, 6, 26, 16, 19, 18, 845318))
(17, 897, datetime.datetime(2018, 6, 26, 16, 19, 20, 849591))
(50, 728, datetime.datetime(2018, 6, 26, 16, 19, 22, 853927))
(10, 708, datetime.datetime(2018, 6, 26, 16, 19, 24, 858344))
(34, 239, datetime.datetime(2018, 6, 26, 16, 19, 26, 862607))
(48, 628, datetime.datetime(2018, 6, 26, 16, 19, 28, 866961))
(33, 305, datetime.datetime(2018, 6, 26, 16, 19, 30, 871399))
(28, 619, datetime.datetime(2018, 6, 26, 16, 19, 32, 875721))
(50, 926, datetime.datetime(2018, 6, 26, 16, 19, 34, 879978))
(50, 835, datetime.datetime(2018, 6, 26, 16, 19, 36, 883230))
(27, 234, datetime.datetime(2018, 6, 26, 16, 19, 38, 887538))
(39, 357, datetime.datetime(2018, 6, 26, 16, 19, 40, 891892))
(20, 788, datetime.datetime(2018, 6, 26, 16, 19, 42, 896444))
(33, 551, datetime.datetime(2018, 6, 26, 16, 19, 44, 900865))
(37, 785, datetime.datetime(2018, 6, 26, 16, 19, 46, 905280))
(16, 400, datetime.datetime(2018, 6, 26, 16, 19, 48, 909692))
(48, 883, datetime.datetime(2018, 6, 26, 16, 19, 50, 913952))
(13, 783, datetime.datetime(2018, 6, 26, 16, 19, 52, 918243))
(19, 933, datetime.datetime(2018, 6, 26, 16, 19, 54, 922534))
(32, 564, datetime.datetime(2018, 6, 26, 16, 19, 56, 926788))
(32, 333, datetime.datetime(2018, 6, 26, 16, 19, 58, 931059))
(16, 569, datetime.datetime(2018, 6, 26, 16, 20, 0, 935466))
(33, 610, datetime.datetime(2018, 6, 26, 16, 20, 2, 939803))
(17, 570, datetime.datetime(2018, 6, 26, 16, 20, 4, 944141))
(15, 939, datetime.datetime(2018, 6, 26, 16, 20, 6, 948448))
(14, 898, datetime.datetime(2018, 6, 26, 16, 20, 8, 950897))
(35, 558, datetime.datetime(2018, 6, 26, 16, 20, 10, 955734))
(25, 693, datetime.datetime(2018, 6, 26, 16, 20, 12, 960736))
(10, 392, datetime.datetime(2018, 6, 26, 16, 20, 14, 965295))
(42, 598, datetime.datetime(2018, 6, 26, 16, 20, 16, 969723))
(33, 622, datetime.datetime(2018, 6, 26, 16, 20, 18, 974143))
(24, 956, datetime.datetime(2018, 6, 26, 16, 20, 20, 978553))
(21, 885, datetime.datetime(2018, 6, 26, 16, 20, 22, 982977))
(27, 723, datetime.datetime(2018, 6, 26, 16, 20, 24, 987575))
(42, 589, datetime.datetime(2018, 6, 26, 16, 20, 26, 991984))
(31, 825, datetime.datetime(2018, 6, 26, 16, 20, 28, 996506))
(16, 325, datetime.datetime(2018, 6, 26, 16, 20, 31, 914))
(29, 225, datetime.datetime(2018, 6, 26, 16, 20, 33, 5415))
(26, 309, datetime.datetime(2018, 6, 26, 16, 20, 35, 9772))
(14, 333, datetime.datetime(2018, 6, 26, 16, 20, 37, 13070))
(11, 738, datetime.datetime(2018, 6, 26, 16, 20, 39, 17534))
(25, 516, datetime.datetime(2018, 6, 26, 16, 20, 41, 21994))
(11, 796, datetime.datetime(2018, 6, 26, 16, 20, 43, 26542))
(25, 398, datetime.datetime(2018, 6, 26, 16, 20, 45, 31015))
(24, 655, datetime.datetime(2018, 6, 26, 16, 20, 47, 35534))
(33, 709, datetime.datetime(2018, 6, 26, 16, 20, 49, 40018))
(22, 717, datetime.datetime(2018, 6, 26, 16, 20, 51, 44677))
(13, 286, datetime.datetime(2018, 6, 26, 16, 20, 53, 49122))
(23, 355, datetime.datetime(2018, 6, 26, 16, 20, 55, 52385))
(28, 585, datetime.datetime(2018, 6, 26, 16, 20, 57, 57290))
(10, 816, datetime.datetime(2018, 6, 26, 16, 20, 59, 61773))
(41, 492, datetime.datetime(2018, 6, 26, 16, 21, 1, 65479))
(50, 347, datetime.datetime(2018, 6, 26, 16, 21, 3, 70134))
(35, 973, datetime.datetime(2018, 6, 26, 16, 21, 5, 74640))
(48, 773, datetime.datetime(2018, 6, 26, 16, 21, 7, 79215))
(40, 414, datetime.datetime(2018, 6, 26, 16, 21, 9, 83644))
(40, 823, datetime.datetime(2018, 6, 26, 16, 21, 11, 88084))
(19, 522, datetime.datetime(2018, 6, 26, 16, 21, 13, 92546))
(22, 439, datetime.datetime(2018, 6, 26, 16, 21, 15, 97017))
(34, 554, datetime.datetime(2018, 6, 26, 16, 21, 17, 101480))
(30, 321, datetime.datetime(2018, 6, 26, 16, 21, 19, 106019))
(36, 590, datetime.datetime(2018, 6, 26, 16, 21, 21, 110493))
(26, 224, datetime.datetime(2018, 6, 26, 16, 21, 23, 115036))
(32, 916, datetime.datetime(2018, 6, 26, 16, 21, 25, 119496))
(20, 335, datetime.datetime(2018, 6, 26, 16, 21, 27, 123948))
(28, 571, datetime.datetime(2018, 6, 26, 16, 21, 29, 128368))
(38, 234, datetime.datetime(2018, 6, 26, 16, 21, 31, 132790))
(48, 875, datetime.datetime(2018, 6, 26, 16, 21, 33, 137204))
(21, 649, datetime.datetime(2018, 6, 26, 16, 21, 35, 141566))
(39, 934, datetime.datetime(2018, 6, 26, 16, 21, 37, 144912))
(50, 606, datetime.datetime(2018, 6, 26, 16, 21, 39, 149363))
(41, 966, datetime.datetime(2018, 6, 26, 16, 21, 41, 153812))
(39, 724, datetime.datetime(2018, 6, 26, 16, 21, 43, 158269))
(24, 908, datetime.datetime(2018, 6, 26, 16, 21, 45, 162756))
(14, 707, datetime.datetime(2018, 6, 26, 16, 21, 47, 167216))
